<?xml version="1.0" encoding="UTF-8"?>
<testsuite name="CubeTest" tests="2" skipped="0" failures="0" errors="0" timestamp="2016-04-27T20:47:47" hostname="epicodus-59.local" time="0.0">
  <properties/>
  <testcase name="surfaceArea_determinesTheSurfaceAreaOfACube_5400" classname="CubeTest" time="0.0"/>
  <testcase name="volume_determinesVolumeOfTheCube_27000" classname="CubeTest" time="0.0"/>
  <system-out><![CDATA[]]></system-out>
  <system-err><![CDATA[]]></system-err>
</testsuite>
