<?xml version="1.0" encoding="UTF-8"?>
<testsuite name="CubeTest" tests="1" skipped="0" failures="0" errors="0" timestamp="2016-04-27T20:19:53" hostname="epicodus-59.local" time="0.001">
  <properties/>
  <testcase name="volume_determinesVolumeOfTheCube_27000" classname="CubeTest" time="0.001"/>
  <system-out><![CDATA[]]></system-out>
  <system-err><![CDATA[]]></system-err>
</testsuite>
